<?xml version="1.0" encoding="UTF-8"?>
<!-- Generated by org.testng.reporters.JUnitReportReporter -->
<testsuite hostname="J6VC893" failures="0" tests="1" name="GoogleSearchPageTestNG" time="2.882" errors="0" timestamp="2023-02-14T21:54:48 EST" skipped="0">
  <testcase classname="GoogleSearchPageTestNG" name="googleSearchTest" time="2.882"/>
  <system-out/>
</testsuite> <!-- GoogleSearchPageTestNG -->
