<?xml version="1.0" encoding="UTF-8"?>
<!-- Generated by org.testng.reporters.JUnitReportReporter -->
<testsuite hostname="J6VC893" failures="0" tests="3" name="TestNGListeners.TestListenersDemo" time="8.250" errors="0" timestamp="2023-03-02T18:02:39 EST" skipped="1">
  <testcase classname="TestNGListeners.TestListenersDemo" name="test1" time="0.005"/>
  <system-out/>
  <testcase classname="TestNGListeners.TestListenersDemo" name="test3" time="0.001">
    <skipped/>
  </testcase> <!-- test3 -->
  <system-out/>
  <testcase classname="TestNGListeners.TestListenersDemo" name="test2" time="8.244"/>
  <system-out/>
</testsuite> <!-- TestNGListeners.TestListenersDemo -->
