<?xml version="1.0" encoding="UTF-8"?>
<!-- Generated by org.testng.reporters.JUnitReportReporter -->
<testsuite hostname="J6VC893" failures="0" tests="2" name="TestNGProrityDemo.GroupingDemo" time="0.006" errors="0" timestamp="2023-03-07T20:57:26 EST" skipped="0">
  <testcase classname="TestNGProrityDemo.GroupingDemo" name="Test" time="0.006"/>
  <system-out/>
  <testcase classname="TestNGProrityDemo.GroupingDemo" name="Test2" time="0.000"/>
  <system-out/>
</testsuite> <!-- TestNGProrityDemo.GroupingDemo -->
