<?xml version="1.0" encoding="UTF-8"?>
<!-- Generated by org.testng.reporters.JUnitReportReporter -->
<testsuite hostname="J6VC893" failures="0" tests="1" name="TestNGProrityDemo.ParamDemo" time="0.005" errors="0" timestamp="2023-03-07T21:46:21 EST" skipped="0">
  <testcase classname="TestNGProrityDemo.ParamDemo" name="printName" time="0.005"/>
  <system-out/>
</testsuite> <!-- TestNGProrityDemo.ParamDemo -->
