<?xml version="1.0" encoding="UTF-8"?>
<!-- Generated by org.testng.reporters.JUnitReportReporter -->
<testsuite hostname="J6VC893" failures="0" tests="2" name="TestNGProrityDemo.TestNGMultipleTests" time="2.782" errors="0" timestamp="2023-03-04T18:13:29 EST" skipped="0">
  <testcase classname="TestNGProrityDemo.TestNGMultipleTests" name="openGoogle" time="1.357"/>
  <system-out/>
  <testcase classname="TestNGProrityDemo.TestNGMultipleTests" name="openGoogle" time="1.425"/>
  <system-out/>
</testsuite> <!-- TestNGProrityDemo.TestNGMultipleTests -->
